\BOOKMARK [1][-]{section*.3}{\376\377\000I\000n\000t\000r\000o\000d\000u\000c\000t\000i\000o\000n}{}% 1
\BOOKMARK [1][-]{section*.4}{\376\377\000L\000i\000t\000e\000r\000a\000t\000u\000r\000e\000\040\000R\000e\000v\000i\000e\000w}{}% 2
\BOOKMARK [2][-]{section*.5}{\376\377\000P\000l\000a\000t\000f\000o\000r\000m\000\040\000N\000a\000t\000i\000o\000n\000a\000l\000i\000s\000m\000\040\000i\000n\000\040\000C\000h\000i\000n\000a}{section*.4}% 3
\BOOKMARK [2][-]{section*.6}{\376\377\000H\000a\000t\000e\000\040\000S\000p\000e\000e\000c\000h\000\040\000a\000n\000d\000\040\000S\000t\000a\000n\000c\000e\000\040\000D\000e\000t\000e\000c\000t\000i\000o\000n}{section*.4}% 4
\BOOKMARK [2][-]{section*.7}{\376\377\000A\000l\000g\000o\000r\000i\000t\000h\000m\000i\000c\000\040\000A\000m\000p\000l\000i\000f\000i\000c\000a\000t\000i\000o\000n}{section*.4}% 5
\BOOKMARK [1][-]{section*.8}{\376\377\000M\000e\000t\000h\000o\000d}{}% 6
\BOOKMARK [2][-]{section*.9}{\376\377\000D\000a\000t\000a\000\040\000C\000o\000l\000l\000e\000c\000t\000i\000o\000n\000\040\000a\000n\000d\000\040\000C\000l\000e\000a\000n\000i\000n\000g}{section*.8}% 7
\BOOKMARK [2][-]{section*.10}{\376\377\000S\000a\000m\000p\000l\000i\000n\000g\000\040\000S\000t\000r\000a\000t\000e\000g\000y}{section*.8}% 8
\BOOKMARK [2][-]{section*.11}{\376\377\000G\000P\000T\000-\0004\000o\000-\000m\000i\000n\000i\000\040\000A\000n\000n\000o\000t\000a\000t\000i\000o\000n}{section*.8}% 9
\BOOKMARK [2][-]{section*.13}{\376\377\000S\000e\000n\000t\000e\000n\000c\000e\000\040\000E\000m\000b\000e\000d\000d\000i\000n\000g\000\040\000a\000n\000d\000\040\000C\000l\000u\000s\000t\000e\000r\000i\000n\000g}{section*.8}% 10
\BOOKMARK [2][-]{section*.14}{\376\377\000R\000o\000B\000E\000R\000T\000a\000\040\000F\000i\000n\000e\000-\000T\000u\000n\000i\000n\000g\000\040\000P\000i\000p\000e\000l\000i\000n\000e}{section*.8}% 11
\BOOKMARK [2][-]{section*.15}{\376\377\000S\000t\000a\000t\000i\000s\000t\000i\000c\000a\000l\000\040\000A\000n\000a\000l\000y\000s\000i\000s}{section*.8}% 12
\BOOKMARK [2][-]{section*.16}{\376\377\000R\000o\000u\000n\000d\000\040\0001\000\040\000H\000y\000p\000e\000r\000p\000a\000r\000a\000m\000e\000t\000e\000r\000\040\000S\000e\000a\000r\000c\000h}{section*.8}% 13
\BOOKMARK [2][-]{section*.20}{\376\377\000M\000A\000X\000\137\000L\000E\000N\000\040\000A\000b\000l\000a\000t\000i\000o\000n}{section*.8}% 14
\BOOKMARK [2][-]{section*.23}{\376\377\000B\000i\000n\000a\000r\000y\000\040\000v\000s\000.\000\040\000M\000u\000l\000t\000i\000-\000C\000l\000a\000s\000s\000\040\000C\000l\000a\000s\000s\000i\000f\000i\000c\000a\000t\000i\000o\000n}{section*.8}% 15
\BOOKMARK [2][-]{section*.25}{\376\377\000F\000u\000l\000l\000-\000C\000o\000r\000p\000u\000s\000\040\000I\000n\000f\000e\000r\000e\000n\000c\000e}{section*.8}% 16
\BOOKMARK [1][-]{section*.28}{\376\377\000R\000e\000s\000u\000l\000t\000s\000\040\000a\000n\000d\000\040\000D\000i\000s\000c\000u\000s\000s\000i\000o\000n}{}% 17
\BOOKMARK [2][-]{section*.29}{\376\377\000R\000Q\0001\000:\000\040\000S\000e\000m\000a\000n\000t\000i\000c\000\040\000H\000o\000m\000o\000g\000e\000n\000i\000z\000a\000t\000i\000o\000n\000\040\000o\000f\000\040\000N\000a\000t\000i\000o\000n\000a\000l\000i\000s\000t\000\040\000D\000i\000s\000c\000o\000u\000r\000s\000e}{section*.28}% 18
\BOOKMARK [3][-]{section*.30}{\376\377\000C\000l\000u\000s\000t\000e\000r\040\023\000D\000i\000s\000c\000o\000u\000r\000s\000e\000-\000T\000y\000p\000e\000\040\000A\000l\000i\000g\000n\000m\000e\000n\000t}{section*.29}% 19
\BOOKMARK [3][-]{section*.34}{\376\377\000I\000n\000t\000r\000a\000-\000c\000l\000a\000s\000s\000\040\000C\000o\000s\000i\000n\000e\000\040\000S\000i\000m\000i\000l\000a\000r\000i\000t\000y}{section*.29}% 20
\BOOKMARK [3][-]{section*.36}{\376\377\000N\000-\000g\000r\000a\000m\000\040\000T\000e\000m\000p\000l\000a\000t\000e\000\040\000A\000n\000a\000l\000y\000s\000i\000s}{section*.29}% 21
\BOOKMARK [3][-]{section*.37}{\376\377\000I\000n\000t\000e\000r\000p\000r\000e\000t\000a\000t\000i\000o\000n\000\040\000o\000f\000\040\000R\000Q\0001}{section*.29}% 22
\BOOKMARK [2][-]{section*.38}{\376\377\000R\000Q\0002\000:\000\040\000A\000l\000g\000o\000r\000i\000t\000h\000m\000i\000c\000\040\000V\000i\000s\000i\000b\000i\000l\000i\000t\000y\000\040\000a\000n\000d\000\040\000E\000n\000g\000a\000g\000e\000m\000e\000n\000t}{section*.28}% 23
\BOOKMARK [3][-]{section*.39}{\376\377\000K\000r\000u\000s\000k\000a\000l\000-\000W\000a\000l\000l\000i\000s\000\040\000T\000e\000s\000t}{section*.38}% 24
\BOOKMARK [3][-]{section*.41}{\376\377\000O\000L\000S\000\040\000R\000e\000g\000r\000e\000s\000s\000i\000o\000n}{section*.38}% 25
\BOOKMARK [3][-]{section*.44}{\376\377\000I\000n\000t\000e\000r\000p\000r\000e\000t\000a\000t\000i\000o\000n\000\040\000o\000f\000\040\000R\000Q\0002}{section*.38}% 26
\BOOKMARK [2][-]{section*.45}{\376\377\000L\000i\000m\000i\000t\000a\000t\000i\000o\000n\000s}{section*.28}% 27
\BOOKMARK [1][-]{section*.46}{\376\377\000C\000o\000n\000c\000l\000u\000s\000i\000o\000n}{}% 28
