This is pdfTeX, Version 3.141592653-2.6-1.40.26 (TeX Live 2024) (preloaded format=pdflatex 2024.7.9)  19 MAR 2026 19:51
entering extended mode
 restricted \write18 enabled.
 %&-line parsing enabled.
**report.tex
(./report.tex
LaTeX2e <2023-11-01> patch level 1
L3 programming layer <2024-02-20>
(d:/texlive/2024/texmf-dist/tex/latex/base/article.cls
Document Class: article 2023/05/17 v1.4n Standard LaTeX document class
(d:/texlive/2024/texmf-dist/tex/latex/base/size10.clo
File: size10.clo 2023/05/17 v1.4n Standard LaTeX file (size option)
)
\c@part=\count188
\c@section=\count189
\c@subsection=\count190
\c@subsubsection=\count191
\c@paragraph=\count192
\c@subparagraph=\count193
\c@figure=\count194
\c@table=\count195
\abovecaptionskip=\skip48
\belowcaptionskip=\skip49
\bibindent=\dimen140
) (./aaai2026.sty
Package: aaai2026 2026/04/29 AAAI 2026 Submission format

Conference Style for AAAI for LaTeX 2e -- version for submission
\titlebox=\skip50
) (d:/texlive/2024/texmf-dist/tex/latex/psnfss/times.sty
Package: times 2020/03/25 PSNFSS-v9.3 (SPQR) 
)
(d:/texlive/2024/texmf-dist/tex/latex/psnfss/helvet.sty
Package: helvet 2020/03/25 PSNFSS-v9.3 (WaS) 

(d:/texlive/2024/texmf-dist/tex/latex/graphics/keyval.sty
Package: keyval 2022/05/29 v1.15 key=value parser (DPC)
\KV@toks@=\toks17
))
(d:/texlive/2024/texmf-dist/tex/latex/psnfss/courier.sty
Package: courier 2020/03/25 PSNFSS-v9.3 (WaS) 
)
(d:/texlive/2024/texmf-dist/tex/latex/url/url.sty
\Urlmuskip=\muskip16
Package: url 2013/09/16  ver 3.4  Verb mode for urls, etc.
)
(d:/texlive/2024/texmf-dist/tex/latex/graphics/graphicx.sty
Package: graphicx 2021/09/16 v1.2d Enhanced LaTeX Graphics (DPC,SPQR)

(d:/texlive/2024/texmf-dist/tex/latex/graphics/graphics.sty
Package: graphics 2022/03/10 v1.4e Standard LaTeX Graphics (DPC,SPQR)

(d:/texlive/2024/texmf-dist/tex/latex/graphics/trig.sty
Package: trig 2021/08/11 v1.11 sin cos tan (DPC)
)
(d:/texlive/2024/texmf-dist/tex/latex/graphics-cfg/graphics.cfg
File: graphics.cfg 2016/06/04 v1.11 sample graphics configuration
)
Package graphics Info: Driver file: pdftex.def on input line 107.

(d:/texlive/2024/texmf-dist/tex/latex/graphics-def/pdftex.def
File: pdftex.def 2022/09/22 v1.2b Graphics/color driver for pdftex
))
\Gin@req@height=\dimen141
\Gin@req@width=\dimen142
)
(d:/texlive/2024/texmf-dist/tex/latex/booktabs/booktabs.sty
Package: booktabs 2020/01/12 v1.61803398 Publication quality tables
\heavyrulewidth=\dimen143
\lightrulewidth=\dimen144
\cmidrulewidth=\dimen145
\belowrulesep=\dimen146
\belowbottomsep=\dimen147
\aboverulesep=\dimen148
\abovetopsep=\dimen149
\cmidrulesep=\dimen150
\cmidrulekern=\dimen151
\defaultaddspace=\dimen152
\@cmidla=\count196
\@cmidlb=\count197
\@aboverulesep=\dimen153
\@belowrulesep=\dimen154
\@thisruleclass=\count198
\@lastruleclass=\count199
\@thisrulewidth=\dimen155
)
(d:/texlive/2024/texmf-dist/tex/latex/multirow/multirow.sty
Package: multirow 2021/03/15 v2.8 Span multiple rows of a table
\multirow@colwidth=\skip51
\multirow@cntb=\count266
\multirow@dima=\skip52
\bigstrutjot=\dimen156
)
(d:/texlive/2024/texmf-dist/tex/latex/amsmath/amsmath.sty
Package: amsmath 2023/05/13 v2.17o AMS math features
\@mathmargin=\skip53

For additional information on amsmath, use the `?' option.
(d:/texlive/2024/texmf-dist/tex/latex/amsmath/amstext.sty
Package: amstext 2021/08/26 v2.01 AMS text

(d:/texlive/2024/texmf-dist/tex/latex/amsmath/amsgen.sty
File: amsgen.sty 1999/11/30 v2.0 generic functions
\@emptytoks=\toks18
\ex@=\dimen157
))
(d:/texlive/2024/texmf-dist/tex/latex/amsmath/amsbsy.sty
Package: amsbsy 1999/11/29 v1.2d Bold Symbols
\pmbraise@=\dimen158
)
(d:/texlive/2024/texmf-dist/tex/latex/amsmath/amsopn.sty
Package: amsopn 2022/04/08 v2.04 operator names
)
\inf@bad=\count267
LaTeX Info: Redefining \frac on input line 234.
\uproot@=\count268
\leftroot@=\count269
LaTeX Info: Redefining \overline on input line 399.
LaTeX Info: Redefining \colon on input line 410.
\classnum@=\count270
\DOTSCASE@=\count271
LaTeX Info: Redefining \ldots on input line 496.
LaTeX Info: Redefining \dots on input line 499.
LaTeX Info: Redefining \cdots on input line 620.
\Mathstrutbox@=\box51
\strutbox@=\box52
LaTeX Info: Redefining \big on input line 722.
LaTeX Info: Redefining \Big on input line 723.
LaTeX Info: Redefining \bigg on input line 724.
LaTeX Info: Redefining \Bigg on input line 725.
\big@size=\dimen159
LaTeX Font Info:    Redeclaring font encoding OML on input line 743.
LaTeX Font Info:    Redeclaring font encoding OMS on input line 744.
\macc@depth=\count272
LaTeX Info: Redefining \bmod on input line 905.
LaTeX Info: Redefining \pmod on input line 910.
LaTeX Info: Redefining \smash on input line 940.
LaTeX Info: Redefining \relbar on input line 970.
LaTeX Info: Redefining \Relbar on input line 971.
\c@MaxMatrixCols=\count273
\dotsspace@=\muskip17
\c@parentequation=\count274
\dspbrk@lvl=\count275
\tag@help=\toks19
\row@=\count276
\column@=\count277
\maxfields@=\count278
\andhelp@=\toks20
\eqnshift@=\dimen160
\alignsep@=\dimen161
\tagshift@=\dimen162
\tagwidth@=\dimen163
\totwidth@=\dimen164
\lineht@=\dimen165
\@envbody=\toks21
\multlinegap=\skip54
\multlinetaggap=\skip55
\mathdisplay@stack=\toks22
LaTeX Info: Redefining \[ on input line 2953.
LaTeX Info: Redefining \] on input line 2954.
)
(d:/texlive/2024/texmf-dist/tex/latex/natbib/natbib.sty
Package: natbib 2010/09/13 8.31b (PWD, AO)
\bibhang=\skip56
\bibsep=\skip57
LaTeX Info: Redefining \cite on input line 694.
\c@NAT@ctr=\count279
)
(d:/texlive/2024/texmf-dist/tex/latex/caption/caption.sty
Package: caption 2023/08/05 v3.6o Customizing captions (AR)

(d:/texlive/2024/texmf-dist/tex/latex/caption/caption3.sty
Package: caption3 2023/07/31 v2.4d caption3 kernel (AR)
\caption@tempdima=\dimen166
\captionmargin=\dimen167
\caption@leftmargin=\dimen168
\caption@rightmargin=\dimen169
\caption@width=\dimen170
\caption@indent=\dimen171
\caption@parindent=\dimen172
\caption@hangindent=\dimen173
Package caption Info: Standard document class detected.
)
\c@caption@flags=\count280
\c@continuedfloat=\count281
)
LaTeX Font Info:    Trying to load font information for OT1+ptm on input line 3
9.

(d:/texlive/2024/texmf-dist/tex/latex/psnfss/ot1ptm.fd
File: ot1ptm.fd 2001/06/04 font definitions for OT1/ptm.
)
(d:/texlive/2024/texmf-dist/tex/latex/l3backend/l3backend-pdftex.def
File: l3backend-pdftex.def 2024-02-20 L3 backend support: PDF output (pdfTeX)
\l__color_backend_stack_int=\count282
\l__pdf_internal_box=\box53
)
(./report.aux)
\openout1 = `report.aux'.

LaTeX Font Info:    Checking defaults for OML/cmm/m/it on input line 39.
LaTeX Font Info:    ... okay on input line 39.
LaTeX Font Info:    Checking defaults for OMS/cmsy/m/n on input line 39.
LaTeX Font Info:    ... okay on input line 39.
LaTeX Font Info:    Checking defaults for OT1/cmr/m/n on input line 39.
LaTeX Font Info:    ... okay on input line 39.
LaTeX Font Info:    Checking defaults for T1/cmr/m/n on input line 39.
LaTeX Font Info:    ... okay on input line 39.
LaTeX Font Info:    Checking defaults for TS1/cmr/m/n on input line 39.
LaTeX Font Info:    ... okay on input line 39.
LaTeX Font Info:    Checking defaults for OMX/cmex/m/n on input line 39.
LaTeX Font Info:    ... okay on input line 39.
LaTeX Font Info:    Checking defaults for U/cmr/m/n on input line 39.
LaTeX Font Info:    ... okay on input line 39.
 (d:/texlive/2024/texmf-dist/tex/context/base/mkii/supp-pdf.mkii
[Loading MPS to PDF converter (version 2006.09.02).]
\scratchcounter=\count283
\scratchdimen=\dimen174
\scratchbox=\box54
\nofMPsegments=\count284
\nofMParguments=\count285
\everyMPshowfont=\toks23
\MPscratchCnt=\count286
\MPscratchDim=\dimen175
\MPnumerator=\count287
\makeMPintoPDFobject=\count288
\everyMPtoPDFconversion=\toks24
) (d:/texlive/2024/texmf-dist/tex/latex/epstopdf-pkg/epstopdf-base.sty
Package: epstopdf-base 2020-01-24 v2.11 Base part for package epstopdf
Package epstopdf-base Info: Redefining graphics rule for `.eps' on input line 4
85.

(d:/texlive/2024/texmf-dist/tex/latex/latexconfig/epstopdf-sys.cfg
File: epstopdf-sys.cfg 2010/07/13 v1.3 Configuration of (r)epstopdf for TeX Liv
e
))
Package caption Info: Begin \AtBeginDocument code.
Package caption Info: End \AtBeginDocument code.
\c@eqfn=\count289
\titlearea=\box55
\actualheight=\skip58
LaTeX Font Info:    Trying to load font information for TS1+ptm on input line 4
1.

(d:/texlive/2024/texmf-dist/tex/latex/psnfss/ts1ptm.fd
File: ts1ptm.fd 2001/06/04 font definitions for TS1/ptm.
)
Underfull \hbox (badness 1354) in paragraph at lines 57--58
[]\OT1/ptm/m/n/10 This study ad-dresses two for-mal re-search ques-tions.
 []


Underfull \hbox (badness 1009) in paragraph at lines 57--58
\OT1/ptm/m/it/10 How do plat-form al-go-rithms dis-tribute vis-i-bil-ity across

 []


Underfull \hbox (badness 3590) in paragraph at lines 66--67
\OT1/ptm/m/n/10 u-ments how Chi-nese dig-i-tal na-tion-al-ism has evolved
 []

[1{d:/texlive/2024/texmf-var/fonts/map/pdftex/updmap/pdftex.map}{d:/texlive/202
4/texmf-dist/fonts/enc/dvips/base/8r.enc}



]
Underfull \hbox (badness 1320) in paragraph at lines 69--70
 \OT1/ptm/b/n/10 Hate Speech and Stance De-tec-tion. \OT1/ptm/m/n/10 David-son 
et al.
 []


Underfull \hbox (badness 2057) in paragraph at lines 72--73
 \OT1/ptm/b/n/10 Al-go-rith-mic Am-pli-fi-ca-tion. \OT1/ptm/m/n/10 Pa-pachariss
i (2015) the-o-
 []


Underfull \hbox (badness 1348) in paragraph at lines 72--73
\OT1/ptm/m/n/10 rizes \OT1/ptm/m/it/10 af-fec-tive publics\OT1/ptm/m/n/10 ---ne
tworked for-ma-tions in which
 []


Underfull \hbox (badness 1389) in paragraph at lines 72--73
\OT1/ptm/m/n/10 high-arousal emo-tional con-tent cir-cu-lates dis-pro-por-tion-

 []

LaTeX Font Info:    Trying to load font information for OT1+pcr on input line 8
7.
(d:/texlive/2024/texmf-dist/tex/latex/psnfss/ot1pcr.fd
File: ot1pcr.fd 2001/06/04 font definitions for OT1/pcr.
)
Underfull \hbox (badness 10000) in paragraph at lines 111--112
\OT1/ptm/m/n/10 We ap-plied two mul-ti-lin-gual/Chinese
 []


Underfull \hbox (badness 10000) in paragraph at lines 111--112
\OT1/ptm/m/n/10 SBERT mod-els to Sam-ple A: (1)
 []


Underfull \hbox (badness 10000) in paragraph at lines 111--112
\OT1/pcr/m/n/10 paraphrase-multilingual-MiniLM-L12-v2
 []


Underfull \hbox (badness 10000) in paragraph at lines 111--112
\OT1/ptm/m/n/10 (384 di-men-sions) and (2)
 []


Underfull \hbox (badness 10000) in paragraph at lines 111--112
\OT1/pcr/m/n/10 shibing624/text2vec-base-chinese \OT1/ptm/m/n/10 (768
 []


Underfull \hbox (badness 1009) in paragraph at lines 111--112
\OT1/ptm/m/n/10 65 di-men-sions are needed to ex-plain 80% of vari-ance
 []


Underfull \hbox (badness 10000) in paragraph at lines 113--114
[]\OT1/ptm/m/n/10 We swept KMeans (Lloyd 1982) with $\OML/cmm/m/it/10 k \OMS/cm
sy/m/n/10 2
 []


Underfull \hbox (badness 6893) in paragraph at lines 113--114
\OMS/cmsy/m/n/10 f\OT1/cmr/m/n/10 10\OML/cmm/m/it/10 ; \OT1/cmr/m/n/10 20\OML/c
mm/m/it/10 ; \OT1/cmr/m/n/10 50\OML/cmm/m/it/10 ; \OT1/cmr/m/n/10 100\OMS/cmsy/
m/n/10 g$ \OT1/ptm/m/n/10 and DB-SCAN (Es-ter et al. 1996)
 []

[2]
Underfull \hbox (badness 10000) in paragraph at lines 117--118
\OT1/ptm/m/n/10 We fine-tuned three Chi-nese pre-trained mod-els:
 []


Underfull \hbox (badness 10000) in paragraph at lines 117--118
\OT1/pcr/m/n/10 bert-base-chinese \OT1/ptm/m/n/10 (De-vlin et al. 2019),
 []


Underfull \hbox (badness 5939) in paragraph at lines 120--121
\OT1/ptm/m/n/10 For RQ2, we ap-plied Kruskal-Wallis non-parametric
 []


Underfull \hbox (badness 3396) in paragraph at lines 127--128
\OT1/ptm/m/n/10 The coarse search across 48 con-fig-u-ra-tions (Fold 0,
 []

<results/figures/fig1_hyperparam_heatmap.png, id=20, 1000.2168pt x 298.2342pt>
File: results/figures/fig1_hyperparam_heatmap.png Graphic file (type png)
<use results/figures/fig1_hyperparam_heatmap.png>
Package pdftex.def Info: results/figures/fig1_hyperparam_heatmap.png  used on i
nput line 152.
(pdftex.def)             Requested size: 239.39438pt x 71.37744pt.
<results/figures/fig2_model_boxplot.png, id=22, 498.663pt x 281.853pt>
File: results/figures/fig2_model_boxplot.png Graphic file (type png)
<use results/figures/fig2_model_boxplot.png>
Package pdftex.def Info: results/figures/fig2_model_boxplot.png  used on input 
line 159.
(pdftex.def)             Requested size: 239.39438pt x 135.3094pt.

Underfull \hbox (badness 1924) in paragraph at lines 160--160
[]\OT1/ptm/m/n/10 Figure 2: |5-fold cross-validation macro-F1 dis-tri-bu-tion
 []

<results/figures/fig4_maxlen_ablation.png, id=23, 643.203pt x 354.123pt>
File: results/figures/fig4_maxlen_ablation.png Graphic file (type png)
<use results/figures/fig4_maxlen_ablation.png>
Package pdftex.def Info: results/figures/fig4_maxlen_ablation.png  used on inpu
t line 190.
(pdftex.def)             Requested size: 239.39438pt x 131.80154pt.
[3 <./results/figures/fig1_hyperparam_heatmap.png>]
Underfull \hbox (badness 3471) in paragraph at lines 203--203
[]\OT1/ptm/m/n/10 Table 4: |Bi-nary vs. 5-class clas-si-fi-ca-tion com-par-i-so
n
 []


Overfull \hbox (1.37335pt too wide) in paragraph at lines 205--213
 [][] 
 []

<results/figures/fig3_confusion_matrix.png, id=28, 471.2004pt x 426.393pt>
File: results/figures/fig3_confusion_matrix.png Graphic file (type png)
<use results/figures/fig3_confusion_matrix.png>
Package pdftex.def Info: results/figures/fig3_confusion_matrix.png  used on inp
ut line 221.
(pdftex.def)             Requested size: 239.39438pt x 216.63126pt.

Underfull \hbox (badness 10000) in paragraph at lines 253--254
 \OT1/ptm/b/n/10 Cluster--Discourse-Type Align-ment. \OT1/ptm/m/n/10 Cross-tabu
lating
 []

[4 <./results/figures/fig2_model_boxplot.png> <./results/figures/fig4_maxlen_ab
lation.png>]
Overfull \hbox (35.57507pt too wide) in paragraph at lines 263--279
 [][] 
 []

<results/figures/fig5_cluster_discourse.png, id=34, 787.743pt x 355.5684pt>
File: results/figures/fig5_cluster_discourse.png Graphic file (type png)
<use results/figures/fig5_cluster_discourse.png>
Package pdftex.def Info: results/figures/fig5_cluster_discourse.png  used on in
put line 283.
(pdftex.def)             Requested size: 239.39438pt x 108.05484pt.
<results/figures/fig7_tsne.png, id=35, 715.473pt x 570.4512pt>
File: results/figures/fig7_tsne.png Graphic file (type png)
<use results/figures/fig7_tsne.png>
Package pdftex.def Info: results/figures/fig7_tsne.png  used on input line 290.

(pdftex.def)             Requested size: 227.42392pt x 181.32079pt.

Overfull \hbox (7.83763pt too wide) in paragraph at lines 302--313
 [][] 
 []


Underfull \hbox (badness 2253) in paragraph at lines 316--317
 \OT1/ptm/b/n/10 N-gram Tem-plate Anal-y-sis. \OT1/ptm/m/n/10 Com-par-ing Top-5
00 tri-
 []


Underfull \hbox (badness 2875) in paragraph at lines 319--320
 \OT1/ptm/b/n/10 In-ter-pre-ta-tion. \OT1/ptm/m/n/10 The clus-ter-ing, co-sine 
sim-i-lar-ity, and
 []


Underfull \hbox (badness 1838) in paragraph at lines 319--320
\OT1/ptm/m/n/10 n-gram ev-i-dence jointly sup-port a nu-anced an-swer to
 []

[5 <./results/figures/fig3_confusion_matrix.png> <./results/figures/fig5_cluste
r_discourse.png>]
Underfull \hbox (badness 2662) in paragraph at lines 329--329
[]\OT1/ptm/m/n/10 Table 8: |Kruskal-Wallis pair-wise com-par-isons (Mann-
 []


Underfull \hbox (badness 1052) in paragraph at lines 329--329
\OT1/ptm/m/n/10 Whitney U, Bonferroni-corrected $\OML/cmm/m/it/10 [] \OT1/cmr/
m/n/10 = 0\OML/cmm/m/it/10 :\OT1/cmr/m/n/10 005$\OT1/ptm/m/n/10 ). Rank-
 []


Overfull \hbox (39.68526pt too wide) in paragraph at lines 331--347
 [][] 
 []


Overfull \hbox (27.6423pt too wide) in paragraph at lines 358--371
 [][] 
 []

<results/figures/fig6_likes_boxplot.png, id=41, 643.203pt x 354.123pt>
File: results/figures/fig6_likes_boxplot.png Graphic file (type png)
<use results/figures/fig6_likes_boxplot.png>
Package pdftex.def Info: results/figures/fig6_likes_boxplot.png  used on input 
line 375.
(pdftex.def)             Requested size: 239.39438pt x 131.80154pt.

Underfull \vbox (badness 4518) has occurred while \output is active []

 [6]
(./report.bbl) [7]
<results/figures/fig8_timeline.png, id=51, 859.5312pt x 354.123pt>
File: results/figures/fig8_timeline.png Graphic file (type png)
<use results/figures/fig8_timeline.png>
Package pdftex.def Info: results/figures/fig8_timeline.png  used on input line 
413.
(pdftex.def)             Requested size: 239.39438pt x 98.62961pt.


LaTeX Warning: `h' float specifier changed to `ht'.


Underfull \hbox (badness 1168) in paragraph at lines 426--427
[]\OT1/ptm/b/n/10 Ablation cov-er-age. \OT1/ptm/m/n/10 The ab-la-tions ad-dress
 three dis-
 []

[8 <./results/figures/fig7_tsne.png> <./results/figures/fig6_likes_boxplot.png>
 <./results/figures/fig8_timeline.png>] (./report.aux)
 ***********
LaTeX2e <2023-11-01> patch level 1
L3 programming layer <2024-02-20>
 ***********
 ) 
Here is how much of TeX's memory you used:
 4300 strings out of 475895
 71875 string characters out of 5786871
 1955190 words of memory out of 5000000
 26405 multiletter control sequences out of 15000+600000
 579911 words of font info for 73 fonts, out of 8000000 for 9000
 62 hyphenation exceptions out of 8191
 57i,12n,65p,1414b,349s stack positions out of 10000i,1000n,20000p,200000b,200000s
<d:/texlive/2024/texmf-dist/fonts/type1/public/amsfonts/cm/cmmi10.pfb><d:/tex
live/2024/texmf-dist/fonts/type1/public/amsfonts/cm/cmmi9.pfb><d:/texlive/2024/
texmf-dist/fonts/type1/public/amsfonts/cm/cmr10.pfb><d:/texlive/2024/texmf-dist
/fonts/type1/public/amsfonts/cm/cmr7.pfb><d:/texlive/2024/texmf-dist/fonts/type
1/public/amsfonts/cm/cmr9.pfb><d:/texlive/2024/texmf-dist/fonts/type1/public/am
sfonts/cm/cmsy10.pfb><d:/texlive/2024/texmf-dist/fonts/type1/public/amsfonts/cm
/cmsy7.pfb><d:/texlive/2024/texmf-dist/fonts/type1/public/amsfonts/cm/cmsy9.pfb
><d:/texlive/2024/texmf-dist/fonts/type1/urw/courier/ucrr8a.pfb><d:/texlive/202
4/texmf-dist/fonts/type1/urw/times/utmb8a.pfb><d:/texlive/2024/texmf-dist/fonts
/type1/urw/times/utmbi8a.pfb><d:/texlive/2024/texmf-dist/fonts/type1/urw/times/
utmr8a.pfb><d:/texlive/2024/texmf-dist/fonts/type1/urw/times/utmri8a.pfb>
Output written on report.pdf (8 pages, 889846 bytes).
PDF statistics:
 114 PDF objects out of 1000 (max. 8388607)
 61 compressed objects within 1 object stream
 0 named destinations out of 1000 (max. 500000)
 41 words of extra memory for PDF output out of 10000 (max. 10000000)

